Nov 23, 2013 9:36:15 AM org.apache.catalina.startup.Embedded initDirs
SEVERE: Cannot find specified temporary folder at /home/arq3849/workspace/Projetos/loadbalancer/configs/serverstate-session/tomcat1/temp
Nov 23, 2013 9:36:15 AM org.apache.catalina.core.AprLifecycleListener init
INFO: The APR based Apache Tomcat Native library which allows optimal performance in production environments was not found on the java.library.path: /usr/java/packages/lib/i386:/lib:/usr/lib
Nov 23, 2013 9:36:16 AM org.apache.coyote.http11.Http11Protocol init
INFO: Initializing Coyote HTTP/1.1 on http-8081
Nov 23, 2013 9:36:16 AM org.apache.catalina.startup.Catalina load
INFO: Initialization processed in 1272 ms
Nov 23, 2013 9:36:16 AM org.apache.catalina.core.StandardService start
INFO: Starting service Catalina
Nov 23, 2013 9:36:16 AM org.apache.catalina.core.StandardEngine start
INFO: Starting Servlet Engine: Apache Tomcat/6.0.32
Nov 23, 2013 9:36:16 AM org.apache.catalina.startup.HostConfig deployWAR
INFO: Deploying web application archive projeto-jsf-client-state.war
Nov 23, 2013 9:36:17 AM org.apache.catalina.core.StandardContext start
SEVERE: Error listenerStart
Nov 23, 2013 9:36:17 AM org.apache.catalina.core.StandardContext start
SEVERE: Context [/projeto-jsf-client-state] startup failed due to previous errors
Nov 23, 2013 9:36:17 AM org.apache.catalina.startup.HostConfig deployWAR
INFO: Deploying web application archive livraria.war
Nov 23, 2013 9:36:18 AM org.apache.coyote.http11.Http11Protocol start
INFO: Starting Coyote HTTP/1.1 on http-8081
Nov 23, 2013 9:36:18 AM org.apache.jk.common.ChannelSocket init
INFO: JK: ajp13 listening on /0.0.0.0:8009
Nov 23, 2013 9:36:18 AM org.apache.jk.server.JkMain start
INFO: Jk running ID=0 time=0/86  config=null
Nov 23, 2013 9:36:18 AM org.apache.catalina.startup.Catalina start
INFO: Server startup in 1762 ms
Nov 23, 2013 11:00:50 AM org.apache.catalina.startup.Embedded initDirs
SEVERE: Cannot find specified temporary folder at /home/arq3849/workspace/Projetos/loadbalancer/configs/serverstate-session/tomcat1/temp
Nov 23, 2013 11:00:51 AM org.apache.catalina.core.AprLifecycleListener init
INFO: The APR based Apache Tomcat Native library which allows optimal performance in production environments was not found on the java.library.path: /usr/java/packages/lib/i386:/lib:/usr/lib
Nov 23, 2013 11:00:51 AM org.apache.coyote.http11.Http11Protocol init
INFO: Initializing Coyote HTTP/1.1 on http-8081
Nov 23, 2013 11:00:51 AM org.apache.catalina.startup.Catalina load
INFO: Initialization processed in 1074 ms
Nov 23, 2013 11:00:51 AM org.apache.catalina.core.StandardService start
INFO: Starting service Catalina
Nov 23, 2013 11:00:51 AM org.apache.catalina.core.StandardEngine start
INFO: Starting Servlet Engine: Apache Tomcat/6.0.32
Nov 23, 2013 11:00:51 AM org.apache.catalina.startup.HostConfig deployWAR
INFO: Deploying web application archive projeto-jsf-client-state.war
Nov 23, 2013 11:00:52 AM org.apache.catalina.core.StandardContext start
SEVERE: Error listenerStart
Nov 23, 2013 11:00:52 AM org.apache.catalina.core.StandardContext start
SEVERE: Context [/projeto-jsf-client-state] startup failed due to previous errors
Nov 23, 2013 11:00:52 AM org.apache.catalina.startup.HostConfig deployWAR
INFO: Deploying web application archive livraria.war
Nov 23, 2013 11:00:53 AM org.apache.coyote.http11.Http11Protocol start
INFO: Starting Coyote HTTP/1.1 on http-8081
Nov 23, 2013 11:00:53 AM org.apache.jk.common.ChannelSocket init
INFO: JK: ajp13 listening on /0.0.0.0:8009
Nov 23, 2013 11:00:53 AM org.apache.jk.server.JkMain start
INFO: Jk running ID=0 time=0/31  config=null
Nov 23, 2013 11:00:53 AM org.apache.catalina.startup.Catalina start
INFO: Server startup in 1537 ms
