Nov 23, 2013 11:31:21 AM org.apache.catalina.startup.Embedded initDirs
SEVERE: Cannot find specified temporary folder at /home/arq3849/workspace/Projetos/loadbalancer/configs/serverstate-database/tomcat1/temp
Nov 23, 2013 11:31:21 AM org.apache.catalina.core.AprLifecycleListener init
INFO: The APR based Apache Tomcat Native library which allows optimal performance in production environments was not found on the java.library.path: /usr/java/packages/lib/i386:/lib:/usr/lib
Nov 23, 2013 11:31:22 AM org.apache.coyote.http11.Http11Protocol init
INFO: Initializing Coyote HTTP/1.1 on http-8081
Nov 23, 2013 11:31:22 AM org.apache.catalina.startup.Catalina load
INFO: Initialization processed in 1003 ms
Nov 23, 2013 11:31:22 AM org.apache.catalina.core.StandardService start
INFO: Starting service Catalina
Nov 23, 2013 11:31:22 AM org.apache.catalina.core.StandardEngine start
INFO: Starting Servlet Engine: Apache Tomcat/6.0.32
Nov 23, 2013 11:31:22 AM org.apache.catalina.startup.HostConfig deployWAR
INFO: Deploying web application archive projeto-jsf-client-state.war
Nov 23, 2013 11:31:23 AM org.apache.catalina.core.StandardContext start
SEVERE: Error listenerStart
Nov 23, 2013 11:31:23 AM org.apache.catalina.core.StandardContext start
SEVERE: Context [/projeto-jsf-client-state] startup failed due to previous errors
Nov 23, 2013 11:31:23 AM org.apache.catalina.loader.WebappClassLoader clearReferencesThreads
SEVERE: The web application [/projeto-jsf-client-state] appears to have started a thread named [MySQL Statement Cancellation Timer] but has failed to stop it. This is very likely to create a memory leak.
Nov 23, 2013 11:31:23 AM org.apache.catalina.startup.HostConfig deployWAR
INFO: Deploying web application archive livraria.war
Nov 23, 2013 11:31:24 AM org.apache.coyote.http11.Http11Protocol start
INFO: Starting Coyote HTTP/1.1 on http-8081
Nov 23, 2013 11:31:24 AM org.apache.jk.common.ChannelSocket init
INFO: JK: ajp13 listening on /0.0.0.0:8009
Nov 23, 2013 11:31:24 AM org.apache.jk.server.JkMain start
INFO: Jk running ID=0 time=0/31  config=null
Nov 23, 2013 11:31:24 AM org.apache.catalina.startup.Catalina start
INFO: Server startup in 2007 ms
Nov 23, 2013 12:08:53 PM org.apache.catalina.startup.Embedded initDirs
SEVERE: Cannot find specified temporary folder at /home/arq3849/workspace/Projetos/loadbalancer/configs/serverstate-database/tomcat1/temp
Nov 23, 2013 12:08:53 PM org.apache.catalina.core.AprLifecycleListener init
INFO: The APR based Apache Tomcat Native library which allows optimal performance in production environments was not found on the java.library.path: /usr/java/packages/lib/i386:/lib:/usr/lib
Nov 23, 2013 12:08:54 PM org.apache.coyote.http11.Http11Protocol init
INFO: Initializing Coyote HTTP/1.1 on http-8081
Nov 23, 2013 12:08:54 PM org.apache.catalina.startup.Catalina load
INFO: Initialization processed in 1026 ms
Nov 23, 2013 12:08:54 PM org.apache.catalina.core.StandardService start
INFO: Starting service Catalina
Nov 23, 2013 12:08:54 PM org.apache.catalina.core.StandardEngine start
INFO: Starting Servlet Engine: Apache Tomcat/6.0.32
Nov 23, 2013 12:08:54 PM org.apache.catalina.startup.HostConfig deployWAR
INFO: Deploying web application archive projeto-jsf-client-state.war
Nov 23, 2013 12:08:54 PM org.apache.catalina.core.StandardContext start
SEVERE: Error listenerStart
Nov 23, 2013 12:08:55 PM org.apache.catalina.core.StandardContext start
SEVERE: Context [/projeto-jsf-client-state] startup failed due to previous errors
Nov 23, 2013 12:08:55 PM org.apache.catalina.loader.WebappClassLoader clearReferencesThreads
SEVERE: The web application [/projeto-jsf-client-state] appears to have started a thread named [MySQL Statement Cancellation Timer] but has failed to stop it. This is very likely to create a memory leak.
Nov 23, 2013 12:08:55 PM org.apache.catalina.startup.HostConfig deployWAR
INFO: Deploying web application archive livraria.war
Nov 23, 2013 12:08:55 PM org.apache.coyote.http11.Http11Protocol start
INFO: Starting Coyote HTTP/1.1 on http-8081
Nov 23, 2013 12:08:55 PM org.apache.jk.common.ChannelSocket init
INFO: JK: ajp13 listening on /0.0.0.0:8009
Nov 23, 2013 12:08:55 PM org.apache.jk.server.JkMain start
INFO: Jk running ID=0 time=1/101  config=null
Nov 23, 2013 12:08:55 PM org.apache.catalina.startup.Catalina start
INFO: Server startup in 1879 ms
